2022-10-20 11:04:10.534  INFO 80282 --- [restartedMain] com.banks.doggo.DoggoApplication         : Starting DoggoApplication using Java 17.0.4.1 on Bankoles-MacBook-Pro.local with PID 80282 (/Users/sirbanks/Documents/Doggo/target/classes started by sirbanks in /Users/sirbanks/Documents/Doggo)
2022-10-20 11:04:10.534 DEBUG 80282 --- [restartedMain] com.banks.doggo.DoggoApplication         : Running with Spring Boot v2.7.4, Spring v5.3.23
2022-10-20 11:04:10.534  INFO 80282 --- [restartedMain] com.banks.doggo.DoggoApplication         : No active profile set, falling back to 1 default profile: "default"
2022-10-20 11:04:10.615  INFO 80282 --- [restartedMain] .s.d.r.c.RepositoryConfigurationDelegate : Bootstrapping Spring Data JPA repositories in DEFAULT mode.
2022-10-20 11:04:10.621  INFO 80282 --- [restartedMain] .s.d.r.c.RepositoryConfigurationDelegate : Finished Spring Data repository scanning in 6 ms. Found 4 JPA repository interfaces.
2022-10-20 11:04:10.682  INFO 80282 --- [restartedMain] o.s.b.w.embedded.tomcat.TomcatWebServer  : Tomcat initialized with port(s): 8080 (http)
2022-10-20 11:04:10.683  INFO 80282 --- [restartedMain] o.apache.catalina.core.StandardService   : Starting service [Tomcat]
2022-10-20 11:04:10.683  INFO 80282 --- [restartedMain] org.apache.catalina.core.StandardEngine  : Starting Servlet engine: [Apache Tomcat/9.0.65]
2022-10-20 11:04:10.689  INFO 80282 --- [restartedMain] o.a.c.c.C.[Tomcat].[localhost].[/]       : Initializing Spring embedded WebApplicationContext
2022-10-20 11:04:10.689  INFO 80282 --- [restartedMain] w.s.c.ServletWebServerApplicationContext : Root WebApplicationContext: initialization completed in 154 ms
2022-10-20 11:04:10.715  INFO 80282 --- [restartedMain] o.hibernate.jpa.internal.util.LogHelper  : HHH000204: Processing PersistenceUnitInfo [name: default]
2022-10-20 11:04:10.718  INFO 80282 --- [restartedMain] com.zaxxer.hikari.HikariDataSource       : HikariPool-2 - Starting...
2022-10-20 11:04:10.754  INFO 80282 --- [restartedMain] com.zaxxer.hikari.HikariDataSource       : HikariPool-2 - Start completed.
2022-10-20 11:04:10.754  INFO 80282 --- [restartedMain] org.hibernate.dialect.Dialect            : HHH000400: Using dialect: org.hibernate.dialect.MariaDBDialect
2022-10-20 11:04:10.820  INFO 80282 --- [restartedMain] o.h.e.t.j.p.i.JtaPlatformInitiator       : HHH000490: Using JtaPlatform implementation: [org.hibernate.engine.transaction.jta.platform.internal.NoJtaPlatform]
2022-10-20 11:04:10.820  INFO 80282 --- [restartedMain] j.LocalContainerEntityManagerFactoryBean : Initialized JPA EntityManagerFactory for persistence unit 'default'
2022-10-20 11:04:10.898  INFO 80282 --- [restartedMain] o.s.s.web.DefaultSecurityFilterChain     : Will secure any request with [org.springframework.security.web.session.DisableEncodeUrlFilter@73b84170, org.springframework.security.web.context.request.async.WebAsyncManagerIntegrationFilter@509c6c48, org.springframework.security.web.context.SecurityContextPersistenceFilter@4cd57c12, org.springframework.security.web.header.HeaderWriterFilter@4b264041, org.springframework.security.web.csrf.CsrfFilter@2afe8416, org.springframework.security.web.authentication.logout.LogoutFilter@53f5da7e, org.springframework.security.web.authentication.UsernamePasswordAuthenticationFilter@4f18b67d, org.springframework.security.web.savedrequest.RequestCacheAwareFilter@73b2d488, org.springframework.security.web.servletapi.SecurityContextHolderAwareRequestFilter@a6fa6f7, org.springframework.security.web.authentication.AnonymousAuthenticationFilter@458b7203, org.springframework.security.web.session.SessionManagementFilter@12d5946a, org.springframework.security.web.access.ExceptionTranslationFilter@257a1e9, org.springframework.security.web.access.intercept.FilterSecurityInterceptor@12b0f65e]
2022-10-20 11:04:10.906  WARN 80282 --- [restartedMain] JpaBaseConfiguration$JpaWebConfiguration : spring.jpa.open-in-view is enabled by default. Therefore, database queries may be performed during view rendering. Explicitly configure spring.jpa.open-in-view to disable this warning
2022-10-20 11:04:10.930  INFO 80282 --- [restartedMain] o.s.b.a.w.s.WelcomePageHandlerMapping    : Adding welcome page template: index
2022-10-20 11:04:10.961  INFO 80282 --- [restartedMain] o.s.b.d.a.OptionalLiveReloadServer       : LiveReload server is running on port 35729
2022-10-20 11:04:10.969  INFO 80282 --- [restartedMain] o.s.b.w.embedded.tomcat.TomcatWebServer  : Tomcat started on port(s): 8080 (http) with context path ''
2022-10-20 11:04:10.971  INFO 80282 --- [restartedMain] com.banks.doggo.DoggoApplication         : Started DoggoApplication in 0.658 seconds (JVM running for 2405.22)
2022-10-20 11:04:10.972  INFO 80282 --- [restartedMain] .ConditionEvaluationDeltaLoggingListener : Condition evaluation unchanged
2022-10-20 11:04:23.961  INFO 80950 --- [main] c.b.d.r.ReservationRepositoryTest        : Starting ReservationRepositoryTest using Java 17.0.4.1 on Bankoles-MacBook-Pro.local with PID 80950 (started by sirbanks in /Users/sirbanks/Documents/Doggo)
2022-10-20 11:04:23.962 DEBUG 80950 --- [main] c.b.d.r.ReservationRepositoryTest        : Running with Spring Boot v2.7.4, Spring v5.3.23
2022-10-20 11:04:23.962  INFO 80950 --- [main] c.b.d.r.ReservationRepositoryTest        : No active profile set, falling back to 1 default profile: "default"
2022-10-20 11:04:24.265  INFO 80950 --- [main] .s.d.r.c.RepositoryConfigurationDelegate : Bootstrapping Spring Data JPA repositories in DEFAULT mode.
2022-10-20 11:04:24.292  INFO 80950 --- [main] .s.d.r.c.RepositoryConfigurationDelegate : Finished Spring Data repository scanning in 22 ms. Found 4 JPA repository interfaces.
2022-10-20 11:04:24.541  INFO 80950 --- [main] o.hibernate.jpa.internal.util.LogHelper  : HHH000204: Processing PersistenceUnitInfo [name: default]
2022-10-20 11:04:24.570  INFO 80950 --- [main] org.hibernate.Version                    : HHH000412: Hibernate ORM core version 5.6.11.Final
2022-10-20 11:04:24.636  INFO 80950 --- [main] o.hibernate.annotations.common.Version   : HCANN000001: Hibernate Commons Annotations {5.1.2.Final}
2022-10-20 11:04:24.683  INFO 80950 --- [main] com.zaxxer.hikari.HikariDataSource       : HikariPool-1 - Starting...
2022-10-20 11:04:24.728  INFO 80950 --- [main] com.zaxxer.hikari.HikariDataSource       : HikariPool-1 - Start completed.
2022-10-20 11:04:24.738  INFO 80950 --- [main] org.hibernate.dialect.Dialect            : HHH000400: Using dialect: org.hibernate.dialect.MariaDBDialect
2022-10-20 11:04:25.059  INFO 80950 --- [main] o.h.e.t.j.p.i.JtaPlatformInitiator       : HHH000490: Using JtaPlatform implementation: [org.hibernate.engine.transaction.jta.platform.internal.NoJtaPlatform]
2022-10-20 11:04:25.063  INFO 80950 --- [main] j.LocalContainerEntityManagerFactoryBean : Initialized JPA EntityManagerFactory for persistence unit 'default'
2022-10-20 11:04:25.377  INFO 80950 --- [main] o.s.s.web.DefaultSecurityFilterChain     : Will secure any request with [org.springframework.security.web.session.DisableEncodeUrlFilter@26be0d23, org.springframework.security.web.context.request.async.WebAsyncManagerIntegrationFilter@576b385d, org.springframework.security.web.context.SecurityContextPersistenceFilter@20518250, org.springframework.security.web.header.HeaderWriterFilter@3f2ef402, org.springframework.security.web.csrf.CsrfFilter@1e4c4fda, org.springframework.security.web.authentication.logout.LogoutFilter@5ae16aa, org.springframework.security.web.authentication.UsernamePasswordAuthenticationFilter@7057dbda, org.springframework.security.web.savedrequest.RequestCacheAwareFilter@28269c65, org.springframework.security.web.servletapi.SecurityContextHolderAwareRequestFilter@4c9d833, org.springframework.security.web.authentication.AnonymousAuthenticationFilter@2560a7be, org.springframework.security.web.session.SessionManagementFilter@f4d391c, org.springframework.security.web.access.ExceptionTranslationFilter@29ee8174, org.springframework.security.web.access.intercept.FilterSecurityInterceptor@6e7f29d5]
2022-10-20 11:04:25.459  WARN 80950 --- [main] JpaBaseConfiguration$JpaWebConfiguration : spring.jpa.open-in-view is enabled by default. Therefore, database queries may be performed during view rendering. Explicitly configure spring.jpa.open-in-view to disable this warning
2022-10-20 11:04:25.551  INFO 80950 --- [main] o.s.b.a.w.s.WelcomePageHandlerMapping    : Adding welcome page template: index
2022-10-20 11:04:25.680  INFO 80950 --- [main] c.b.d.r.ReservationRepositoryTest        : Started ReservationRepositoryTest in 1.87 seconds (JVM running for 2.478)
2022-10-20 11:04:25.847  INFO 80950 --- [SpringApplicationShutdownHook] j.LocalContainerEntityManagerFactoryBean : Closing JPA EntityManagerFactory for persistence unit 'default'
2022-10-20 11:04:25.851  INFO 80950 --- [SpringApplicationShutdownHook] com.zaxxer.hikari.HikariDataSource       : HikariPool-1 - Shutdown initiated...
2022-10-20 11:04:25.855  INFO 80950 --- [SpringApplicationShutdownHook] com.zaxxer.hikari.HikariDataSource       : HikariPool-1 - Shutdown completed.
2022-10-20 11:09:46.039  INFO 80282 --- [SpringApplicationShutdownHook] j.LocalContainerEntityManagerFactoryBean : Closing JPA EntityManagerFactory for persistence unit 'default'
2022-10-20 11:09:46.044  INFO 80282 --- [SpringApplicationShutdownHook] com.zaxxer.hikari.HikariDataSource       : HikariPool-2 - Shutdown initiated...
2022-10-20 11:09:46.047  INFO 80282 --- [SpringApplicationShutdownHook] com.zaxxer.hikari.HikariDataSource       : HikariPool-2 - Shutdown completed.
2022-10-20 11:09:49.527  INFO 81031 --- [main] c.b.d.r.ReservationRepositoryTest        : Starting ReservationRepositoryTest using Java 17.0.4.1 on Bankoles-MacBook-Pro.local with PID 81031 (started by sirbanks in /Users/sirbanks/Documents/Doggo)
2022-10-20 11:09:49.528 DEBUG 81031 --- [main] c.b.d.r.ReservationRepositoryTest        : Running with Spring Boot v2.7.4, Spring v5.3.23
2022-10-20 11:09:49.528  INFO 81031 --- [main] c.b.d.r.ReservationRepositoryTest        : No active profile set, falling back to 1 default profile: "default"
2022-10-20 11:09:49.788  INFO 81031 --- [main] .s.d.r.c.RepositoryConfigurationDelegate : Bootstrapping Spring Data JPA repositories in DEFAULT mode.
2022-10-20 11:09:49.811  INFO 81031 --- [main] .s.d.r.c.RepositoryConfigurationDelegate : Finished Spring Data repository scanning in 20 ms. Found 4 JPA repository interfaces.
2022-10-20 11:09:50.050  INFO 81031 --- [main] o.hibernate.jpa.internal.util.LogHelper  : HHH000204: Processing PersistenceUnitInfo [name: default]
2022-10-20 11:09:50.074  INFO 81031 --- [main] org.hibernate.Version                    : HHH000412: Hibernate ORM core version 5.6.11.Final
2022-10-20 11:09:50.146  INFO 81031 --- [main] o.hibernate.annotations.common.Version   : HCANN000001: Hibernate Commons Annotations {5.1.2.Final}
2022-10-20 11:09:50.186  INFO 81031 --- [main] com.zaxxer.hikari.HikariDataSource       : HikariPool-1 - Starting...
2022-10-20 11:09:50.220  INFO 81031 --- [main] com.zaxxer.hikari.HikariDataSource       : HikariPool-1 - Start completed.
2022-10-20 11:09:50.226  INFO 81031 --- [main] org.hibernate.dialect.Dialect            : HHH000400: Using dialect: org.hibernate.dialect.MariaDBDialect
2022-10-20 11:09:50.523  INFO 81031 --- [main] o.h.e.t.j.p.i.JtaPlatformInitiator       : HHH000490: Using JtaPlatform implementation: [org.hibernate.engine.transaction.jta.platform.internal.NoJtaPlatform]
2022-10-20 11:09:50.526  INFO 81031 --- [main] j.LocalContainerEntityManagerFactoryBean : Initialized JPA EntityManagerFactory for persistence unit 'default'
2022-10-20 11:09:50.789  INFO 81031 --- [main] o.s.s.web.DefaultSecurityFilterChain     : Will secure any request with [org.springframework.security.web.session.DisableEncodeUrlFilter@477bea57, org.springframework.security.web.session.ForceEagerSessionCreationFilter@5dc7391e, org.springframework.security.web.session.ForceEagerSessionCreationFilter@2cd52eda, org.springframework.security.web.context.request.async.WebAsyncManagerIntegrationFilter@4a9ff419, org.springframework.security.web.context.SecurityContextPersistenceFilter@6c225adb, org.springframework.security.web.header.HeaderWriterFilter@13cc31df, org.springframework.security.web.csrf.CsrfFilter@4be7acd9, org.springframework.security.web.authentication.logout.LogoutFilter@2fcffc05, org.springframework.security.web.authentication.UsernamePasswordAuthenticationFilter@4c0930c4, org.springframework.security.web.savedrequest.RequestCacheAwareFilter@6ed7b9c5, org.springframework.security.web.servletapi.SecurityContextHolderAwareRequestFilter@105dc246, org.springframework.security.web.authentication.AnonymousAuthenticationFilter@7ca29311, org.springframework.security.web.session.SessionManagementFilter@2c978637, org.springframework.security.web.access.ExceptionTranslationFilter@699bb304, org.springframework.security.web.access.intercept.FilterSecurityInterceptor@2e057637]
2022-10-20 11:09:50.861  WARN 81031 --- [main] JpaBaseConfiguration$JpaWebConfiguration : spring.jpa.open-in-view is enabled by default. Therefore, database queries may be performed during view rendering. Explicitly configure spring.jpa.open-in-view to disable this warning
2022-10-20 11:09:50.938  INFO 81031 --- [main] o.s.b.a.w.s.WelcomePageHandlerMapping    : Adding welcome page template: index
2022-10-20 11:09:51.044  INFO 81031 --- [main] c.b.d.r.ReservationRepositoryTest        : Started ReservationRepositoryTest in 1.795 seconds (JVM running for 2.177)
2022-10-20 11:09:51.196  INFO 81031 --- [SpringApplicationShutdownHook] j.LocalContainerEntityManagerFactoryBean : Closing JPA EntityManagerFactory for persistence unit 'default'
2022-10-20 11:09:51.196  INFO 81031 --- [SpringApplicationShutdownHook] com.zaxxer.hikari.HikariDataSource       : HikariPool-1 - Shutdown initiated...
2022-10-20 11:09:51.199  INFO 81031 --- [SpringApplicationShutdownHook] com.zaxxer.hikari.HikariDataSource       : HikariPool-1 - Shutdown completed.
2022-10-20 11:10:39.746  INFO 81040 --- [restartedMain] com.banks.doggo.DoggoApplication         : Starting DoggoApplication using Java 17.0.4.1 on Bankoles-MacBook-Pro.local with PID 81040 (/Users/sirbanks/Documents/Doggo/target/classes started by sirbanks in /Users/sirbanks/Documents/Doggo)
2022-10-20 11:10:39.746 DEBUG 81040 --- [restartedMain] com.banks.doggo.DoggoApplication         : Running with Spring Boot v2.7.4, Spring v5.3.23
2022-10-20 11:10:39.746  INFO 81040 --- [restartedMain] com.banks.doggo.DoggoApplication         : No active profile set, falling back to 1 default profile: "default"
2022-10-20 11:10:39.764  INFO 81040 --- [restartedMain] .e.DevToolsPropertyDefaultsPostProcessor : Devtools property defaults active! Set 'spring.devtools.add-properties' to 'false' to disable
2022-10-20 11:10:39.764  INFO 81040 --- [restartedMain] .e.DevToolsPropertyDefaultsPostProcessor : For additional web related logging consider setting the 'logging.level.web' property to 'DEBUG'
2022-10-20 11:10:40.000  INFO 81040 --- [restartedMain] .s.d.r.c.RepositoryConfigurationDelegate : Bootstrapping Spring Data JPA repositories in DEFAULT mode.
2022-10-20 11:10:40.017  INFO 81040 --- [restartedMain] .s.d.r.c.RepositoryConfigurationDelegate : Finished Spring Data repository scanning in 14 ms. Found 4 JPA repository interfaces.
2022-10-20 11:10:40.223  INFO 81040 --- [restartedMain] o.s.b.w.embedded.tomcat.TomcatWebServer  : Tomcat initialized with port(s): 8080 (http)
2022-10-20 11:10:40.227  INFO 81040 --- [restartedMain] o.apache.catalina.core.StandardService   : Starting service [Tomcat]
2022-10-20 11:10:40.227  INFO 81040 --- [restartedMain] org.apache.catalina.core.StandardEngine  : Starting Servlet engine: [Apache Tomcat/9.0.65]
2022-10-20 11:10:40.253  INFO 81040 --- [restartedMain] o.a.c.c.C.[Tomcat].[localhost].[/]       : Initializing Spring embedded WebApplicationContext
2022-10-20 11:10:40.253  INFO 81040 --- [restartedMain] w.s.c.ServletWebServerApplicationContext : Root WebApplicationContext: initialization completed in 488 ms
2022-10-20 11:10:40.306  INFO 81040 --- [restartedMain] o.hibernate.jpa.internal.util.LogHelper  : HHH000204: Processing PersistenceUnitInfo [name: default]
2022-10-20 11:10:40.322  INFO 81040 --- [restartedMain] org.hibernate.Version                    : HHH000412: Hibernate ORM core version 5.6.11.Final
2022-10-20 11:10:40.370  INFO 81040 --- [restartedMain] o.hibernate.annotations.common.Version   : HCANN000001: Hibernate Commons Annotations {5.1.2.Final}
2022-10-20 11:10:40.406  INFO 81040 --- [restartedMain] com.zaxxer.hikari.HikariDataSource       : HikariPool-1 - Starting...
2022-10-20 11:10:40.441  INFO 81040 --- [restartedMain] com.zaxxer.hikari.HikariDataSource       : HikariPool-1 - Start completed.
2022-10-20 11:10:40.449  INFO 81040 --- [restartedMain] org.hibernate.dialect.Dialect            : HHH000400: Using dialect: org.hibernate.dialect.MariaDBDialect
2022-10-20 11:10:40.689  INFO 81040 --- [restartedMain] o.h.e.t.j.p.i.JtaPlatformInitiator       : HHH000490: Using JtaPlatform implementation: [org.hibernate.engine.transaction.jta.platform.internal.NoJtaPlatform]
2022-10-20 11:10:40.692  INFO 81040 --- [restartedMain] j.LocalContainerEntityManagerFactoryBean : Initialized JPA EntityManagerFactory for persistence unit 'default'
2022-10-20 11:10:40.912  INFO 81040 --- [restartedMain] o.s.s.web.DefaultSecurityFilterChain     : Will secure any request with [org.springframework.security.web.session.DisableEncodeUrlFilter@5384e417, org.springframework.security.web.session.ForceEagerSessionCreationFilter@7c481eb2, org.springframework.security.web.session.ForceEagerSessionCreationFilter@7eb2ab00, org.springframework.security.web.context.request.async.WebAsyncManagerIntegrationFilter@5081a4ff, org.springframework.security.web.context.SecurityContextPersistenceFilter@23859935, org.springframework.security.web.header.HeaderWriterFilter@53a61b37, org.springframework.security.web.csrf.CsrfFilter@559e9208, org.springframework.security.web.authentication.logout.LogoutFilter@7dc0d4a, org.springframework.security.web.authentication.UsernamePasswordAuthenticationFilter@2d297471, org.springframework.security.web.savedrequest.RequestCacheAwareFilter@7f780825, org.springframework.security.web.servletapi.SecurityContextHolderAwareRequestFilter@14f95661, org.springframework.security.web.authentication.AnonymousAuthenticationFilter@21395bf4, org.springframework.security.web.session.SessionManagementFilter@29292917, org.springframework.security.web.access.ExceptionTranslationFilter@1132afb3, org.springframework.security.web.access.intercept.FilterSecurityInterceptor@4789b90b]
2022-10-20 11:10:40.931  WARN 81040 --- [restartedMain] JpaBaseConfiguration$JpaWebConfiguration : spring.jpa.open-in-view is enabled by default. Therefore, database queries may be performed during view rendering. Explicitly configure spring.jpa.open-in-view to disable this warning
2022-10-20 11:10:40.981  INFO 81040 --- [restartedMain] o.s.b.a.w.s.WelcomePageHandlerMapping    : Adding welcome page template: index
2022-10-20 11:10:41.050  INFO 81040 --- [restartedMain] o.s.b.d.a.OptionalLiveReloadServer       : LiveReload server is running on port 35729
2022-10-20 11:10:41.063  INFO 81040 --- [restartedMain] o.s.b.w.embedded.tomcat.TomcatWebServer  : Tomcat started on port(s): 8080 (http) with context path ''
2022-10-20 11:10:41.069  INFO 81040 --- [restartedMain] com.banks.doggo.DoggoApplication         : Started DoggoApplication in 1.473 seconds (JVM running for 1.756)
2022-10-20 11:11:12.347  INFO 81040 --- [http-nio-8080-exec-1] o.a.c.c.C.[Tomcat].[localhost].[/]       : Initializing Spring DispatcherServlet 'dispatcherServlet'
2022-10-20 11:11:12.347  INFO 81040 --- [http-nio-8080-exec-1] o.s.web.servlet.DispatcherServlet        : Initializing Servlet 'dispatcherServlet'
2022-10-20 11:11:12.349  INFO 81040 --- [http-nio-8080-exec-1] o.s.web.servlet.DispatcherServlet        : Completed initialization in 2 ms
2022-10-20 11:24:59.438  INFO 81040 --- [SpringApplicationShutdownHook] j.LocalContainerEntityManagerFactoryBean : Closing JPA EntityManagerFactory for persistence unit 'default'
2022-10-20 11:24:59.456  INFO 81040 --- [SpringApplicationShutdownHook] com.zaxxer.hikari.HikariDataSource       : HikariPool-1 - Shutdown initiated...
2022-10-20 11:24:59.460  INFO 81040 --- [SpringApplicationShutdownHook] com.zaxxer.hikari.HikariDataSource       : HikariPool-1 - Shutdown completed.
2022-10-20 11:25:01.703  INFO 81264 --- [restartedMain] com.banks.doggo.DoggoApplication         : Starting DoggoApplication using Java 17.0.4.1 on Bankoles-MacBook-Pro.local with PID 81264 (/Users/sirbanks/Documents/Doggo/target/classes started by sirbanks in /Users/sirbanks/Documents/Doggo)
2022-10-20 11:25:01.704 DEBUG 81264 --- [restartedMain] com.banks.doggo.DoggoApplication         : Running with Spring Boot v2.7.4, Spring v5.3.23
2022-10-20 11:25:01.704  INFO 81264 --- [restartedMain] com.banks.doggo.DoggoApplication         : No active profile set, falling back to 1 default profile: "default"
2022-10-20 11:25:01.724  INFO 81264 --- [restartedMain] .e.DevToolsPropertyDefaultsPostProcessor : Devtools property defaults active! Set 'spring.devtools.add-properties' to 'false' to disable
2022-10-20 11:25:01.725  INFO 81264 --- [restartedMain] .e.DevToolsPropertyDefaultsPostProcessor : For additional web related logging consider setting the 'logging.level.web' property to 'DEBUG'
2022-10-20 11:25:01.974  INFO 81264 --- [restartedMain] .s.d.r.c.RepositoryConfigurationDelegate : Bootstrapping Spring Data JPA repositories in DEFAULT mode.
2022-10-20 11:25:01.993  INFO 81264 --- [restartedMain] .s.d.r.c.RepositoryConfigurationDelegate : Finished Spring Data repository scanning in 16 ms. Found 4 JPA repository interfaces.
2022-10-20 11:25:02.221  INFO 81264 --- [restartedMain] o.s.b.w.embedded.tomcat.TomcatWebServer  : Tomcat initialized with port(s): 8080 (http)
2022-10-20 11:25:02.225  INFO 81264 --- [restartedMain] o.apache.catalina.core.StandardService   : Starting service [Tomcat]
2022-10-20 11:25:02.225  INFO 81264 --- [restartedMain] org.apache.catalina.core.StandardEngine  : Starting Servlet engine: [Apache Tomcat/9.0.65]
2022-10-20 11:25:02.247  INFO 81264 --- [restartedMain] o.a.c.c.C.[Tomcat].[localhost].[/]       : Initializing Spring embedded WebApplicationContext
2022-10-20 11:25:02.247  INFO 81264 --- [restartedMain] w.s.c.ServletWebServerApplicationContext : Root WebApplicationContext: initialization completed in 522 ms
2022-10-20 11:25:02.306  INFO 81264 --- [restartedMain] o.hibernate.jpa.internal.util.LogHelper  : HHH000204: Processing PersistenceUnitInfo [name: default]
2022-10-20 11:25:02.331  INFO 81264 --- [restartedMain] org.hibernate.Version                    : HHH000412: Hibernate ORM core version 5.6.11.Final
2022-10-20 11:25:02.415  INFO 81264 --- [restartedMain] o.hibernate.annotations.common.Version   : HCANN000001: Hibernate Commons Annotations {5.1.2.Final}
2022-10-20 11:25:02.454  INFO 81264 --- [restartedMain] com.zaxxer.hikari.HikariDataSource       : HikariPool-1 - Starting...
2022-10-20 11:25:02.514  INFO 81264 --- [restartedMain] com.zaxxer.hikari.HikariDataSource       : HikariPool-1 - Start completed.
2022-10-20 11:25:02.522  INFO 81264 --- [restartedMain] org.hibernate.dialect.Dialect            : HHH000400: Using dialect: org.hibernate.dialect.MariaDBDialect
2022-10-20 11:25:03.192  WARN 81264 --- [restartedMain] o.m.jdbc.message.server.ErrorPacket      : Error: 1091-42000: Can't DROP INDEX `UK_9d30a9u1qpg8eou0otgkwrp5d`; check that it exists
2022-10-20 11:25:03.376  WARN 81264 --- [restartedMain] o.m.jdbc.message.server.ErrorPacket      : Error: 1091-42000: Can't DROP INDEX `UK_4scs8wl1fjch5v4i2ja5agaop`; check that it exists
2022-10-20 11:25:04.218  INFO 81264 --- [restartedMain] o.h.e.t.j.p.i.JtaPlatformInitiator       : HHH000490: Using JtaPlatform implementation: [org.hibernate.engine.transaction.jta.platform.internal.NoJtaPlatform]
2022-10-20 11:25:04.228  INFO 81264 --- [restartedMain] j.LocalContainerEntityManagerFactoryBean : Initialized JPA EntityManagerFactory for persistence unit 'default'
2022-10-20 11:25:04.461  INFO 81264 --- [restartedMain] o.s.s.web.DefaultSecurityFilterChain     : Will secure any request with [org.springframework.security.web.session.DisableEncodeUrlFilter@17b61117, org.springframework.security.web.context.request.async.WebAsyncManagerIntegrationFilter@37cd926c, org.springframework.security.web.context.SecurityContextPersistenceFilter@31db3f88, org.springframework.security.web.header.HeaderWriterFilter@30c7b407, org.springframework.security.web.csrf.CsrfFilter@42d73ca, org.springframework.security.web.authentication.logout.LogoutFilter@1540544f, org.springframework.security.web.authentication.UsernamePasswordAuthenticationFilter@726d0e02, org.springframework.security.web.savedrequest.RequestCacheAwareFilter@4b63ef2b, org.springframework.security.web.servletapi.SecurityContextHolderAwareRequestFilter@20f0d4af, org.springframework.security.web.authentication.AnonymousAuthenticationFilter@2c96cd3f, org.springframework.security.web.session.SessionManagementFilter@169bb3e0, org.springframework.security.web.access.ExceptionTranslationFilter@26df6cd3, org.springframework.security.web.access.intercept.FilterSecurityInterceptor@47dfe31c]
2022-10-20 11:25:04.482  WARN 81264 --- [restartedMain] JpaBaseConfiguration$JpaWebConfiguration : spring.jpa.open-in-view is enabled by default. Therefore, database queries may be performed during view rendering. Explicitly configure spring.jpa.open-in-view to disable this warning
2022-10-20 11:25:04.533  INFO 81264 --- [restartedMain] o.s.b.a.w.s.WelcomePageHandlerMapping    : Adding welcome page template: index
2022-10-20 11:25:04.606  INFO 81264 --- [restartedMain] o.s.b.d.a.OptionalLiveReloadServer       : LiveReload server is running on port 35729
2022-10-20 11:25:04.620  INFO 81264 --- [restartedMain] o.s.b.w.embedded.tomcat.TomcatWebServer  : Tomcat started on port(s): 8080 (http) with context path ''
2022-10-20 11:25:04.625  INFO 81264 --- [restartedMain] com.banks.doggo.DoggoApplication         : Started DoggoApplication in 3.057 seconds (JVM running for 3.321)
2022-10-20 11:25:48.513  INFO 81264 --- [SpringApplicationShutdownHook] j.LocalContainerEntityManagerFactoryBean : Closing JPA EntityManagerFactory for persistence unit 'default'
2022-10-20 11:25:48.516  INFO 81264 --- [SpringApplicationShutdownHook] com.zaxxer.hikari.HikariDataSource       : HikariPool-1 - Shutdown initiated...
2022-10-20 11:25:48.519  INFO 81264 --- [SpringApplicationShutdownHook] com.zaxxer.hikari.HikariDataSource       : HikariPool-1 - Shutdown completed.
2022-10-20 12:55:36.098  INFO 82369 --- [main] c.b.d.repository.MemberRepositoryTest    : Starting MemberRepositoryTest using Java 17.0.4.1 on Bankoles-MacBook-Pro.local with PID 82369 (started by sirbanks in /Users/sirbanks/Documents/Doggo)
2022-10-20 12:55:36.098 DEBUG 82369 --- [main] c.b.d.repository.MemberRepositoryTest    : Running with Spring Boot v2.7.4, Spring v5.3.23
2022-10-20 12:55:36.098  INFO 82369 --- [main] c.b.d.repository.MemberRepositoryTest    : No active profile set, falling back to 1 default profile: "default"
2022-10-20 12:55:36.620  INFO 82369 --- [main] .s.d.r.c.RepositoryConfigurationDelegate : Bootstrapping Spring Data JPA repositories in DEFAULT mode.
2022-10-20 12:55:36.655  INFO 82369 --- [main] .s.d.r.c.RepositoryConfigurationDelegate : Finished Spring Data repository scanning in 30 ms. Found 4 JPA repository interfaces.
2022-10-20 12:55:36.923  INFO 82369 --- [main] o.hibernate.jpa.internal.util.LogHelper  : HHH000204: Processing PersistenceUnitInfo [name: default]
2022-10-20 12:55:36.948  INFO 82369 --- [main] org.hibernate.Version                    : HHH000412: Hibernate ORM core version 5.6.11.Final
2022-10-20 12:55:37.025  INFO 82369 --- [main] o.hibernate.annotations.common.Version   : HCANN000001: Hibernate Commons Annotations {5.1.2.Final}
2022-10-20 12:55:37.071  INFO 82369 --- [main] com.zaxxer.hikari.HikariDataSource       : HikariPool-1 - Starting...
2022-10-20 12:55:37.170  INFO 82369 --- [main] com.zaxxer.hikari.HikariDataSource       : HikariPool-1 - Start completed.
2022-10-20 12:55:37.179  INFO 82369 --- [main] org.hibernate.dialect.Dialect            : HHH000400: Using dialect: org.hibernate.dialect.MariaDBDialect
2022-10-20 12:55:37.632  INFO 82369 --- [main] o.h.e.t.j.p.i.JtaPlatformInitiator       : HHH000490: Using JtaPlatform implementation: [org.hibernate.engine.transaction.jta.platform.internal.NoJtaPlatform]
2022-10-20 12:55:37.636  INFO 82369 --- [main] j.LocalContainerEntityManagerFactoryBean : Initialized JPA EntityManagerFactory for persistence unit 'default'
2022-10-20 12:55:37.973  INFO 82369 --- [main] o.s.s.web.DefaultSecurityFilterChain     : Will secure any request with [org.springframework.security.web.session.DisableEncodeUrlFilter@44587c44, org.springframework.security.web.context.request.async.WebAsyncManagerIntegrationFilter@618fb1, org.springframework.security.web.context.SecurityContextPersistenceFilter@4070c4ff, org.springframework.security.web.header.HeaderWriterFilter@37665305, org.springframework.security.web.csrf.CsrfFilter@1d3546f9, org.springframework.security.web.authentication.logout.LogoutFilter@1abf951a, org.springframework.security.web.authentication.UsernamePasswordAuthenticationFilter@3e0704e2, org.springframework.security.web.savedrequest.RequestCacheAwareFilter@442310fd, org.springframework.security.web.servletapi.SecurityContextHolderAwareRequestFilter@23263ba, org.springframework.security.web.authentication.AnonymousAuthenticationFilter@48751d8a, org.springframework.security.web.session.SessionManagementFilter@1cfd6f63, org.springframework.security.web.access.ExceptionTranslationFilter@2c70a1de, org.springframework.security.web.access.intercept.FilterSecurityInterceptor@2651e783]
2022-10-20 12:55:38.063  WARN 82369 --- [main] JpaBaseConfiguration$JpaWebConfiguration : spring.jpa.open-in-view is enabled by default. Therefore, database queries may be performed during view rendering. Explicitly configure spring.jpa.open-in-view to disable this warning
2022-10-20 12:55:38.162  INFO 82369 --- [main] o.s.b.a.w.s.WelcomePageHandlerMapping    : Adding welcome page template: index
2022-10-20 12:55:38.298  INFO 82369 --- [main] c.b.d.repository.MemberRepositoryTest    : Started MemberRepositoryTest in 2.454 seconds (JVM running for 3.223)
2022-10-20 12:55:38.456  INFO 82369 --- [SpringApplicationShutdownHook] j.LocalContainerEntityManagerFactoryBean : Closing JPA EntityManagerFactory for persistence unit 'default'
2022-10-20 12:55:38.457  INFO 82369 --- [SpringApplicationShutdownHook] com.zaxxer.hikari.HikariDataSource       : HikariPool-1 - Shutdown initiated...
2022-10-20 12:55:38.459  INFO 82369 --- [SpringApplicationShutdownHook] com.zaxxer.hikari.HikariDataSource       : HikariPool-1 - Shutdown completed.
2022-10-20 12:56:54.116  INFO 82393 --- [restartedMain] com.banks.doggo.DoggoApplication         : Starting DoggoApplication using Java 17.0.4.1 on Bankoles-MacBook-Pro.local with PID 82393 (/Users/sirbanks/Documents/Doggo/target/classes started by sirbanks in /Users/sirbanks/Documents/Doggo)
2022-10-20 12:56:54.116 DEBUG 82393 --- [restartedMain] com.banks.doggo.DoggoApplication         : Running with Spring Boot v2.7.4, Spring v5.3.23
2022-10-20 12:56:54.116  INFO 82393 --- [restartedMain] com.banks.doggo.DoggoApplication         : No active profile set, falling back to 1 default profile: "default"
2022-10-20 12:56:54.136  INFO 82393 --- [restartedMain] .e.DevToolsPropertyDefaultsPostProcessor : Devtools property defaults active! Set 'spring.devtools.add-properties' to 'false' to disable
2022-10-20 12:56:54.136  INFO 82393 --- [restartedMain] .e.DevToolsPropertyDefaultsPostProcessor : For additional web related logging consider setting the 'logging.level.web' property to 'DEBUG'
2022-10-20 12:56:54.398  INFO 82393 --- [restartedMain] .s.d.r.c.RepositoryConfigurationDelegate : Bootstrapping Spring Data JPA repositories in DEFAULT mode.
2022-10-20 12:56:54.416  INFO 82393 --- [restartedMain] .s.d.r.c.RepositoryConfigurationDelegate : Finished Spring Data repository scanning in 15 ms. Found 4 JPA repository interfaces.
2022-10-20 12:56:54.638  INFO 82393 --- [restartedMain] o.s.b.w.embedded.tomcat.TomcatWebServer  : Tomcat initialized with port(s): 8080 (http)
2022-10-20 12:56:54.642  INFO 82393 --- [restartedMain] o.apache.catalina.core.StandardService   : Starting service [Tomcat]
2022-10-20 12:56:54.642  INFO 82393 --- [restartedMain] org.apache.catalina.core.StandardEngine  : Starting Servlet engine: [Apache Tomcat/9.0.65]
2022-10-20 12:56:54.683  INFO 82393 --- [restartedMain] o.a.c.c.C.[Tomcat].[localhost].[/]       : Initializing Spring embedded WebApplicationContext
2022-10-20 12:56:54.683  INFO 82393 --- [restartedMain] w.s.c.ServletWebServerApplicationContext : Root WebApplicationContext: initialization completed in 546 ms
2022-10-20 12:56:54.764  INFO 82393 --- [restartedMain] o.hibernate.jpa.internal.util.LogHelper  : HHH000204: Processing PersistenceUnitInfo [name: default]
2022-10-20 12:56:54.785  INFO 82393 --- [restartedMain] org.hibernate.Version                    : HHH000412: Hibernate ORM core version 5.6.11.Final
2022-10-20 12:56:54.844  INFO 82393 --- [restartedMain] o.hibernate.annotations.common.Version   : HCANN000001: Hibernate Commons Annotations {5.1.2.Final}
2022-10-20 12:56:54.880  INFO 82393 --- [restartedMain] com.zaxxer.hikari.HikariDataSource       : HikariPool-1 - Starting...
2022-10-20 12:56:54.928  INFO 82393 --- [restartedMain] com.zaxxer.hikari.HikariDataSource       : HikariPool-1 - Start completed.
2022-10-20 12:56:54.937  INFO 82393 --- [restartedMain] org.hibernate.dialect.Dialect            : HHH000400: Using dialect: org.hibernate.dialect.MariaDBDialect
2022-10-20 12:56:55.675  WARN 82393 --- [restartedMain] o.m.jdbc.message.server.ErrorPacket      : Error: 1091-42000: Can't DROP INDEX `UK_9d30a9u1qpg8eou0otgkwrp5d`; check that it exists
2022-10-20 12:56:55.829  WARN 82393 --- [restartedMain] o.m.jdbc.message.server.ErrorPacket      : Error: 1091-42000: Can't DROP INDEX `UK_4scs8wl1fjch5v4i2ja5agaop`; check that it exists
2022-10-20 12:56:56.731  INFO 82393 --- [restartedMain] o.h.e.t.j.p.i.JtaPlatformInitiator       : HHH000490: Using JtaPlatform implementation: [org.hibernate.engine.transaction.jta.platform.internal.NoJtaPlatform]
2022-10-20 12:56:56.736  INFO 82393 --- [restartedMain] j.LocalContainerEntityManagerFactoryBean : Initialized JPA EntityManagerFactory for persistence unit 'default'
2022-10-20 12:56:56.986  INFO 82393 --- [restartedMain] o.s.s.web.DefaultSecurityFilterChain     : Will secure any request with [org.springframework.security.web.session.DisableEncodeUrlFilter@faaf63d, org.springframework.security.web.context.request.async.WebAsyncManagerIntegrationFilter@e97135, org.springframework.security.web.context.SecurityContextPersistenceFilter@39dff518, org.springframework.security.web.header.HeaderWriterFilter@26d3121c, org.springframework.security.web.csrf.CsrfFilter@3d03dc06, org.springframework.security.web.authentication.logout.LogoutFilter@4a9589d8, org.springframework.security.web.authentication.UsernamePasswordAuthenticationFilter@74d6db9a, org.springframework.security.web.savedrequest.RequestCacheAwareFilter@6dce02fe, org.springframework.security.web.servletapi.SecurityContextHolderAwareRequestFilter@210ce94c, org.springframework.security.web.authentication.AnonymousAuthenticationFilter@5c2d77fd, org.springframework.security.web.session.SessionManagementFilter@296c5d17, org.springframework.security.web.access.ExceptionTranslationFilter@4998a373, org.springframework.security.web.access.intercept.FilterSecurityInterceptor@1e7aa737]
2022-10-20 12:56:57.005  WARN 82393 --- [restartedMain] JpaBaseConfiguration$JpaWebConfiguration : spring.jpa.open-in-view is enabled by default. Therefore, database queries may be performed during view rendering. Explicitly configure spring.jpa.open-in-view to disable this warning
2022-10-20 12:56:57.052  INFO 82393 --- [restartedMain] o.s.b.a.w.s.WelcomePageHandlerMapping    : Adding welcome page template: index
2022-10-20 12:56:57.129  INFO 82393 --- [restartedMain] o.s.b.d.a.OptionalLiveReloadServer       : LiveReload server is running on port 35729
2022-10-20 12:56:57.143  INFO 82393 --- [restartedMain] o.s.b.w.embedded.tomcat.TomcatWebServer  : Tomcat started on port(s): 8080 (http) with context path ''
2022-10-20 12:56:57.149  INFO 82393 --- [restartedMain] com.banks.doggo.DoggoApplication         : Started DoggoApplication in 3.165 seconds (JVM running for 3.635)
2022-10-20 12:57:27.256  INFO 82393 --- [http-nio-8080-exec-1] o.a.c.c.C.[Tomcat].[localhost].[/]       : Initializing Spring DispatcherServlet 'dispatcherServlet'
2022-10-20 12:57:27.256  INFO 82393 --- [http-nio-8080-exec-1] o.s.web.servlet.DispatcherServlet        : Initializing Servlet 'dispatcherServlet'
2022-10-20 12:57:27.260  INFO 82393 --- [http-nio-8080-exec-1] o.s.web.servlet.DispatcherServlet        : Completed initialization in 3 ms
